[debug] [2021-05-02T16:40:41.653Z] ----------------------------------------------------------------------
[debug] [2021-05-02T16:40:41.653Z] Command:       C:\Program Files\nodejs\node.exe C:\Users\mohammad shakil\AppData\Roaming\npm\node_modules\firebase-tools\lib\bin\firebase.js init
[debug] [2021-05-02T16:40:41.653Z] CLI Version:   9.6.1
[debug] [2021-05-02T16:40:41.653Z] Platform:      win32
[debug] [2021-05-02T16:40:41.653Z] Node Version:  v13.14.0
[debug] [2021-05-02T16:40:41.653Z] Time:          Sun May 02 2021 09:40:41 GMT-0700 (Pacific Daylight Time)
[debug] [2021-05-02T16:40:41.653Z] ----------------------------------------------------------------------
[debug] [2021-05-02T16:40:41.653Z] 
[debug] [2021-05-02T16:40:41.668Z] > command requires scopes: ["email","openid","https://www.googleapis.com/auth/cloudplatformprojects.readonly","https://www.googleapis.com/auth/firebase","https://www.googleapis.com/auth/cloud-platform"]
[debug] [2021-05-02T16:40:41.668Z] > authorizing via signed-in user
[info] 
     ######## #### ########  ######## ########     ###     ######  ########
     ##        ##  ##     ## ##       ##     ##  ##   ##  ##       ##
     ######    ##  ########  ######   ########  #########  ######  ######
     ##        ##  ##    ##  ##       ##     ## ##     ##       ## ##
     ##       #### ##     ## ######## ########  ##     ##  ######  ########

You're about to initialize a Firebase project in this directory:

  D:\complet-web-developer---2\Personal-Portfolio

Before we get started, keep in mind:

  * You are initializing in an existing Firebase project directory

